<?xml version="1.0" encoding="UTF-8"?>
<!-- Generated by org.testng.reporters.JUnitReportReporter -->
<testsuite skipped="0" hostname="DESKTOP-F8VUMGK" name="com.qspider.FirstProjectWithGIT.scripts.TC002" tests="1" failures="0" timestamp="2020-10-06T15:00:29 IST" time="21.756" errors="0">
  <testcase name="testItemAddedToKart" time="21.756" classname="com.qspider.FirstProjectWithGIT.scripts.TC002"/>
  <system-out/>
</testsuite> <!-- com.qspider.FirstProjectWithGIT.scripts.TC002 -->
